0 info it worked if it ends with ok
1 verbose cli [ '/usr/bin/node', '/usr/bin/npm', 'install' ]
2 info using npm@1.4.28
3 info using node@v0.10.37
4 verbose node symlink /usr/bin/node
5 verbose readDependencies using package.json deps
6 verbose install where, deps [ '/opt/lampp/htdocs/cacao',
6 verbose install   [ 'bower',
6 verbose install     'font-awesome',
6 verbose install     'http-server',
6 verbose install     'jasmine-core',
6 verbose install     'karma',
6 verbose install     'karma-chrome-launcher',
6 verbose install     'karma-firefox-launcher',
6 verbose install     'karma-jasmine',
6 verbose install     'karma-junit-reporter',
6 verbose install     'protractor',
6 verbose install     'shelljs' ] ]
7 info preinstall angular-seed@0.0.0
8 verbose readDependencies using package.json deps
9 verbose cache add [ 'font-awesome@^4.5.0', null ]
10 verbose cache add name=undefined spec="font-awesome@^4.5.0" args=["font-awesome@^4.5.0",null]
11 verbose parsed url { protocol: null,
11 verbose parsed url   slashes: null,
11 verbose parsed url   auth: null,
11 verbose parsed url   host: null,
11 verbose parsed url   port: null,
11 verbose parsed url   hostname: null,
11 verbose parsed url   hash: null,
11 verbose parsed url   search: null,
11 verbose parsed url   query: null,
11 verbose parsed url   pathname: 'font-awesome@^4.5.0',
11 verbose parsed url   path: 'font-awesome@^4.5.0',
11 verbose parsed url   href: 'font-awesome@^4.5.0' }
12 verbose cache add [ 'http-server@^0.6.1', null ]
13 verbose cache add name=undefined spec="http-server@^0.6.1" args=["http-server@^0.6.1",null]
14 verbose parsed url { protocol: null,
14 verbose parsed url   slashes: null,
14 verbose parsed url   auth: null,
14 verbose parsed url   host: null,
14 verbose parsed url   port: null,
14 verbose parsed url   hostname: null,
14 verbose parsed url   hash: null,
14 verbose parsed url   search: null,
14 verbose parsed url   query: null,
14 verbose parsed url   pathname: 'http-server@^0.6.1',
14 verbose parsed url   path: 'http-server@^0.6.1',
14 verbose parsed url   href: 'http-server@^0.6.1' }
15 verbose cache add name="font-awesome" spec="^4.5.0" args=["font-awesome","^4.5.0"]
16 verbose parsed url { protocol: null,
16 verbose parsed url   slashes: null,
16 verbose parsed url   auth: null,
16 verbose parsed url   host: null,
16 verbose parsed url   port: null,
16 verbose parsed url   hostname: null,
16 verbose parsed url   hash: null,
16 verbose parsed url   search: null,
16 verbose parsed url   query: null,
16 verbose parsed url   pathname: '^4.5.0',
16 verbose parsed url   path: '^4.5.0',
16 verbose parsed url   href: '^4.5.0' }
17 verbose addNamed [ 'font-awesome', '^4.5.0' ]
18 verbose addNamed [ null, '>=4.5.0-0 <5.0.0-0' ]
19 verbose cache add [ 'jasmine-core@^2.3.4', null ]
20 verbose cache add name=undefined spec="jasmine-core@^2.3.4" args=["jasmine-core@^2.3.4",null]
21 verbose parsed url { protocol: null,
21 verbose parsed url   slashes: null,
21 verbose parsed url   auth: null,
21 verbose parsed url   host: null,
21 verbose parsed url   port: null,
21 verbose parsed url   hostname: null,
21 verbose parsed url   hash: null,
21 verbose parsed url   search: null,
21 verbose parsed url   query: null,
21 verbose parsed url   pathname: 'jasmine-core@^2.3.4',
21 verbose parsed url   path: 'jasmine-core@^2.3.4',
21 verbose parsed url   href: 'jasmine-core@^2.3.4' }
22 verbose cache add name="http-server" spec="^0.6.1" args=["http-server","^0.6.1"]
23 verbose parsed url { protocol: null,
23 verbose parsed url   slashes: null,
23 verbose parsed url   auth: null,
23 verbose parsed url   host: null,
23 verbose parsed url   port: null,
23 verbose parsed url   hostname: null,
23 verbose parsed url   hash: null,
23 verbose parsed url   search: null,
23 verbose parsed url   query: null,
23 verbose parsed url   pathname: '^0.6.1',
23 verbose parsed url   path: '^0.6.1',
23 verbose parsed url   href: '^0.6.1' }
24 verbose addNamed [ 'http-server', '^0.6.1' ]
25 verbose addNamed [ null, '>=0.6.1-0 <0.7.0-0' ]
26 verbose cache add [ 'karma@~0.12', null ]
27 verbose cache add name=undefined spec="karma@~0.12" args=["karma@~0.12",null]
28 verbose parsed url { protocol: null,
28 verbose parsed url   slashes: null,
28 verbose parsed url   auth: null,
28 verbose parsed url   host: null,
28 verbose parsed url   port: null,
28 verbose parsed url   hostname: null,
28 verbose parsed url   hash: null,
28 verbose parsed url   search: null,
28 verbose parsed url   query: null,
28 verbose parsed url   pathname: 'karma@~0.12',
28 verbose parsed url   path: 'karma@~0.12',
28 verbose parsed url   href: 'karma@~0.12' }
29 verbose cache add name="jasmine-core" spec="^2.3.4" args=["jasmine-core","^2.3.4"]
30 verbose parsed url { protocol: null,
30 verbose parsed url   slashes: null,
30 verbose parsed url   auth: null,
30 verbose parsed url   host: null,
30 verbose parsed url   port: null,
30 verbose parsed url   hostname: null,
30 verbose parsed url   hash: null,
30 verbose parsed url   search: null,
30 verbose parsed url   query: null,
30 verbose parsed url   pathname: '^2.3.4',
30 verbose parsed url   path: '^2.3.4',
30 verbose parsed url   href: '^2.3.4' }
31 verbose addNamed [ 'jasmine-core', '^2.3.4' ]
32 verbose addNamed [ null, '>=2.3.4-0 <3.0.0-0' ]
33 silly makeCacheDir cache dir uid, gid [ 0, 0 ]
34 verbose cache add name="karma" spec="~0.12" args=["karma","~0.12"]
35 verbose parsed url { protocol: null,
35 verbose parsed url   slashes: null,
35 verbose parsed url   auth: null,
35 verbose parsed url   host: null,
35 verbose parsed url   port: null,
35 verbose parsed url   hostname: null,
35 verbose parsed url   hash: null,
35 verbose parsed url   search: null,
35 verbose parsed url   query: null,
35 verbose parsed url   pathname: '~0.12',
35 verbose parsed url   path: '~0.12',
35 verbose parsed url   href: '~0.12' }
36 verbose addNamed [ 'karma', '~0.12' ]
37 verbose addNamed [ null, '>=0.12.0-0 <0.13.0-0' ]
38 silly lockFile 0424ac46-karma-0-12 karma@~0.12
39 verbose lock karma@~0.12 /root/.npm/0424ac46-karma-0-12.lock
40 verbose cache add [ 'karma-chrome-launcher@^0.1.12', null ]
41 verbose cache add name=undefined spec="karma-chrome-launcher@^0.1.12" args=["karma-chrome-launcher@^0.1.12",null]
42 verbose parsed url { protocol: null,
42 verbose parsed url   slashes: null,
42 verbose parsed url   auth: null,
42 verbose parsed url   host: null,
42 verbose parsed url   port: null,
42 verbose parsed url   hostname: null,
42 verbose parsed url   hash: null,
42 verbose parsed url   search: null,
42 verbose parsed url   query: null,
42 verbose parsed url   pathname: 'karma-chrome-launcher@^0.1.12',
42 verbose parsed url   path: 'karma-chrome-launcher@^0.1.12',
42 verbose parsed url   href: 'karma-chrome-launcher@^0.1.12' }
43 verbose cache add [ 'karma-firefox-launcher@^0.1.6', null ]
44 verbose cache add name=undefined spec="karma-firefox-launcher@^0.1.6" args=["karma-firefox-launcher@^0.1.6",null]
45 verbose parsed url { protocol: null,
45 verbose parsed url   slashes: null,
45 verbose parsed url   auth: null,
45 verbose parsed url   host: null,
45 verbose parsed url   port: null,
45 verbose parsed url   hostname: null,
45 verbose parsed url   hash: null,
45 verbose parsed url   search: null,
45 verbose parsed url   query: null,
45 verbose parsed url   pathname: 'karma-firefox-launcher@^0.1.6',
45 verbose parsed url   path: 'karma-firefox-launcher@^0.1.6',
45 verbose parsed url   href: 'karma-firefox-launcher@^0.1.6' }
46 verbose cache add name="karma-chrome-launcher" spec="^0.1.12" args=["karma-chrome-launcher","^0.1.12"]
47 verbose parsed url { protocol: null,
47 verbose parsed url   slashes: null,
47 verbose parsed url   auth: null,
47 verbose parsed url   host: null,
47 verbose parsed url   port: null,
47 verbose parsed url   hostname: null,
47 verbose parsed url   hash: null,
47 verbose parsed url   search: null,
47 verbose parsed url   query: null,
47 verbose parsed url   pathname: '^0.1.12',
47 verbose parsed url   path: '^0.1.12',
47 verbose parsed url   href: '^0.1.12' }
48 verbose addNamed [ 'karma-chrome-launcher', '^0.1.12' ]
49 verbose addNamed [ null, '>=0.1.12-0 <0.2.0-0' ]
50 silly lockFile c327aa21-karma-chrome-launcher-0-1-12 karma-chrome-launcher@^0.1.12
51 verbose lock karma-chrome-launcher@^0.1.12 /root/.npm/c327aa21-karma-chrome-launcher-0-1-12.lock
52 verbose cache add name="karma-firefox-launcher" spec="^0.1.6" args=["karma-firefox-launcher","^0.1.6"]
53 verbose parsed url { protocol: null,
53 verbose parsed url   slashes: null,
53 verbose parsed url   auth: null,
53 verbose parsed url   host: null,
53 verbose parsed url   port: null,
53 verbose parsed url   hostname: null,
53 verbose parsed url   hash: null,
53 verbose parsed url   search: null,
53 verbose parsed url   query: null,
53 verbose parsed url   pathname: '^0.1.6',
53 verbose parsed url   path: '^0.1.6',
53 verbose parsed url   href: '^0.1.6' }
54 verbose addNamed [ 'karma-firefox-launcher', '^0.1.6' ]
55 verbose addNamed [ null, '>=0.1.6-0 <0.2.0-0' ]
56 silly lockFile 9f4d8121-karma-firefox-launcher-0-1-6 karma-firefox-launcher@^0.1.6
57 verbose lock karma-firefox-launcher@^0.1.6 /root/.npm/9f4d8121-karma-firefox-launcher-0-1-6.lock
58 verbose cache add [ 'karma-jasmine@^0.3.5', null ]
59 verbose cache add name=undefined spec="karma-jasmine@^0.3.5" args=["karma-jasmine@^0.3.5",null]
60 verbose parsed url { protocol: null,
60 verbose parsed url   slashes: null,
60 verbose parsed url   auth: null,
60 verbose parsed url   host: null,
60 verbose parsed url   port: null,
60 verbose parsed url   hostname: null,
60 verbose parsed url   hash: null,
60 verbose parsed url   search: null,
60 verbose parsed url   query: null,
60 verbose parsed url   pathname: 'karma-jasmine@^0.3.5',
60 verbose parsed url   path: 'karma-jasmine@^0.3.5',
60 verbose parsed url   href: 'karma-jasmine@^0.3.5' }
61 verbose cache add name="karma-jasmine" spec="^0.3.5" args=["karma-jasmine","^0.3.5"]
62 verbose parsed url { protocol: null,
62 verbose parsed url   slashes: null,
62 verbose parsed url   auth: null,
62 verbose parsed url   host: null,
62 verbose parsed url   port: null,
62 verbose parsed url   hostname: null,
62 verbose parsed url   hash: null,
62 verbose parsed url   search: null,
62 verbose parsed url   query: null,
62 verbose parsed url   pathname: '^0.3.5',
62 verbose parsed url   path: '^0.3.5',
62 verbose parsed url   href: '^0.3.5' }
63 verbose addNamed [ 'karma-jasmine', '^0.3.5' ]
64 verbose addNamed [ null, '>=0.3.5-0 <0.4.0-0' ]
65 silly lockFile b0acc008-karma-jasmine-0-3-5 karma-jasmine@^0.3.5
66 verbose lock karma-jasmine@^0.3.5 /root/.npm/b0acc008-karma-jasmine-0-3-5.lock
67 verbose cache add [ 'karma-junit-reporter@^0.2.2', null ]
68 verbose cache add name=undefined spec="karma-junit-reporter@^0.2.2" args=["karma-junit-reporter@^0.2.2",null]
69 verbose parsed url { protocol: null,
69 verbose parsed url   slashes: null,
69 verbose parsed url   auth: null,
69 verbose parsed url   host: null,
69 verbose parsed url   port: null,
69 verbose parsed url   hostname: null,
69 verbose parsed url   hash: null,
69 verbose parsed url   search: null,
69 verbose parsed url   query: null,
69 verbose parsed url   pathname: 'karma-junit-reporter@^0.2.2',
69 verbose parsed url   path: 'karma-junit-reporter@^0.2.2',
69 verbose parsed url   href: 'karma-junit-reporter@^0.2.2' }
70 verbose cache add name="karma-junit-reporter" spec="^0.2.2" args=["karma-junit-reporter","^0.2.2"]
71 verbose parsed url { protocol: null,
71 verbose parsed url   slashes: null,
71 verbose parsed url   auth: null,
71 verbose parsed url   host: null,
71 verbose parsed url   port: null,
71 verbose parsed url   hostname: null,
71 verbose parsed url   hash: null,
71 verbose parsed url   search: null,
71 verbose parsed url   query: null,
71 verbose parsed url   pathname: '^0.2.2',
71 verbose parsed url   path: '^0.2.2',
71 verbose parsed url   href: '^0.2.2' }
72 verbose addNamed [ 'karma-junit-reporter', '^0.2.2' ]
73 verbose addNamed [ null, '>=0.2.2-0 <0.3.0-0' ]
74 silly lockFile 6934e75d-karma-junit-reporter-0-2-2 karma-junit-reporter@^0.2.2
75 verbose lock karma-junit-reporter@^0.2.2 /root/.npm/6934e75d-karma-junit-reporter-0-2-2.lock
76 verbose cache add [ 'protractor@^2.1.0', null ]
77 verbose cache add name=undefined spec="protractor@^2.1.0" args=["protractor@^2.1.0",null]
78 verbose parsed url { protocol: null,
78 verbose parsed url   slashes: null,
78 verbose parsed url   auth: null,
78 verbose parsed url   host: null,
78 verbose parsed url   port: null,
78 verbose parsed url   hostname: null,
78 verbose parsed url   hash: null,
78 verbose parsed url   search: null,
78 verbose parsed url   query: null,
78 verbose parsed url   pathname: 'protractor@^2.1.0',
78 verbose parsed url   path: 'protractor@^2.1.0',
78 verbose parsed url   href: 'protractor@^2.1.0' }
79 verbose cache add name="protractor" spec="^2.1.0" args=["protractor","^2.1.0"]
80 verbose parsed url { protocol: null,
80 verbose parsed url   slashes: null,
80 verbose parsed url   auth: null,
80 verbose parsed url   host: null,
80 verbose parsed url   port: null,
80 verbose parsed url   hostname: null,
80 verbose parsed url   hash: null,
80 verbose parsed url   search: null,
80 verbose parsed url   query: null,
80 verbose parsed url   pathname: '^2.1.0',
80 verbose parsed url   path: '^2.1.0',
80 verbose parsed url   href: '^2.1.0' }
81 verbose addNamed [ 'protractor', '^2.1.0' ]
82 verbose addNamed [ null, '>=2.1.0-0 <3.0.0-0' ]
83 silly lockFile 1d3f6f46-protractor-2-1-0 protractor@^2.1.0
84 verbose lock protractor@^2.1.0 /root/.npm/1d3f6f46-protractor-2-1-0.lock
85 verbose cache add [ 'shelljs@^0.2.6', null ]
86 verbose cache add name=undefined spec="shelljs@^0.2.6" args=["shelljs@^0.2.6",null]
87 verbose parsed url { protocol: null,
87 verbose parsed url   slashes: null,
87 verbose parsed url   auth: null,
87 verbose parsed url   host: null,
87 verbose parsed url   port: null,
87 verbose parsed url   hostname: null,
87 verbose parsed url   hash: null,
87 verbose parsed url   search: null,
87 verbose parsed url   query: null,
87 verbose parsed url   pathname: 'shelljs@^0.2.6',
87 verbose parsed url   path: 'shelljs@^0.2.6',
87 verbose parsed url   href: 'shelljs@^0.2.6' }
88 verbose cache add [ 'bower@^1.3.1', null ]
89 verbose cache add name=undefined spec="bower@^1.3.1" args=["bower@^1.3.1",null]
90 verbose parsed url { protocol: null,
90 verbose parsed url   slashes: null,
90 verbose parsed url   auth: null,
90 verbose parsed url   host: null,
90 verbose parsed url   port: null,
90 verbose parsed url   hostname: null,
90 verbose parsed url   hash: null,
90 verbose parsed url   search: null,
90 verbose parsed url   query: null,
90 verbose parsed url   pathname: 'bower@^1.3.1',
90 verbose parsed url   path: 'bower@^1.3.1',
90 verbose parsed url   href: 'bower@^1.3.1' }
91 verbose cache add name="shelljs" spec="^0.2.6" args=["shelljs","^0.2.6"]
92 verbose parsed url { protocol: null,
92 verbose parsed url   slashes: null,
92 verbose parsed url   auth: null,
92 verbose parsed url   host: null,
92 verbose parsed url   port: null,
92 verbose parsed url   hostname: null,
92 verbose parsed url   hash: null,
92 verbose parsed url   search: null,
92 verbose parsed url   query: null,
92 verbose parsed url   pathname: '^0.2.6',
92 verbose parsed url   path: '^0.2.6',
92 verbose parsed url   href: '^0.2.6' }
93 verbose addNamed [ 'shelljs', '^0.2.6' ]
94 verbose addNamed [ null, '>=0.2.6-0 <0.3.0-0' ]
95 silly lockFile cdaabbbd-shelljs-0-2-6 shelljs@^0.2.6
96 verbose lock shelljs@^0.2.6 /root/.npm/cdaabbbd-shelljs-0-2-6.lock
97 verbose cache add name="bower" spec="^1.3.1" args=["bower","^1.3.1"]
98 verbose parsed url { protocol: null,
98 verbose parsed url   slashes: null,
98 verbose parsed url   auth: null,
98 verbose parsed url   host: null,
98 verbose parsed url   port: null,
98 verbose parsed url   hostname: null,
98 verbose parsed url   hash: null,
98 verbose parsed url   search: null,
98 verbose parsed url   query: null,
98 verbose parsed url   pathname: '^1.3.1',
98 verbose parsed url   path: '^1.3.1',
98 verbose parsed url   href: '^1.3.1' }
99 verbose addNamed [ 'bower', '^1.3.1' ]
100 verbose addNamed [ null, '>=1.3.1-0 <2.0.0-0' ]
101 silly lockFile 7c83895e-bower-1-3-1 bower@^1.3.1
102 verbose lock bower@^1.3.1 /root/.npm/7c83895e-bower-1-3-1.lock
103 silly lockFile 0424ac46-karma-0-12 karma@~0.12
104 error Error: Attempt to unlock karma@~0.12, which hasn't been locked
104 error     at unlock (/usr/lib/node_modules/npm/lib/utils/locker.js:44:11)
104 error     at cb (/usr/lib/node_modules/npm/lib/cache/add-named.js:32:5)
104 error     at /usr/lib/node_modules/npm/lib/cache/add-named.js:41:20
104 error     at /usr/lib/node_modules/npm/lib/utils/locker.js:30:7
104 error     at cb (/usr/lib/node_modules/npm/node_modules/lockfile/lockfile.js:149:38)
104 error     at /usr/lib/node_modules/npm/node_modules/lockfile/lockfile.js:177:38
104 error     at Object.oncomplete (fs.js:108:15)
105 error If you need help, you may report this *entire* log,
105 error including the npm and node versions, at:
105 error     <http://github.com/npm/npm/issues>
106 error System Linux 3.13.0-83-generic
107 error command "/usr/bin/node" "/usr/bin/npm" "install"
108 error cwd /opt/lampp/htdocs/cacao
109 error node -v v0.10.37
110 error npm -v 1.4.28
111 verbose exit [ 1, true ]
